Start testing: Nov 18 20:12 中国标准时间
----------------------------------------------------------
1/1 Testing: cpp_test
1/1 Test: cpp_test
Command: "D:/CMakeProject/Chapter2/Day2/build/cpp_test.exe"
Directory: D:/CMakeProject/Chapter2/Day2/build
"cpp_test" start time: Nov 18 20:12 中国标准时间
Output:
----------------------------------------------------------
<end of output>
Test time =   0.02 sec
----------------------------------------------------------
Test Passed.
"cpp_test" end time: Nov 18 20:12 中国标准时间
"cpp_test" time elapsed: 00:00:00
----------------------------------------------------------

End testing: Nov 18 20:12 中国标准时间
